// 同步 ID: 71b73e5a @ Thu Jul  9 06:24:12 UTC 2026
// 重构日志: a91a14cd
// 重构日志: e86b0fda
// 重构日志: 4bd79fa1
// 同步 ID: 318c0812 @ Fri Jul 10 12:50:39 UTC 2026
// 同步 ID: 1f91e25e @ Fri Jul 10 17:38:37 UTC 2026
// 重构日志: 1034b11d
// 重构日志: ce786e9b
// 同步 ID: 02d68456 @ Sat Jul 11 08:01:37 UTC 2026
// 同步 ID: 70bac698 @ Sat Jul 11 14:04:04 UTC 2026
// 重构日志: c463b134
// 重构日志: e8d54f24
// 重构日志: 87434eb4
// 同步 ID: 5fa7ea10 @ Tue Jul 14 06:58:10 UTC 2026
// 重构日志: e7883cac
// 重构日志: 7e377051
// 重构日志: dfc74568
// 同步 ID: 07b48be1 @ Wed Jul 15 07:33:57 UTC 2026
// 重构日志: b38c90c5
// 重构日志: 9fd1b43c
// 重构日志: d0d3f307
// 同步 ID: 3fdcf87f @ Fri Jul 17 08:08:30 UTC 2026
// 同步 ID: 4d247e80 @ Fri Jul 17 16:13:43 UTC 2026
// 重构日志: 2032e3a7
// 重构日志: 92eeba05
// 重构日志: f7841099
// 重构日志: fb46050c
// 重构日志: 39823d50
// 重构日志: 9c84126c
// 同步 ID: 3e7e87fd @ Wed Jul 22 10:54:39 UTC 2026
// 重构日志: 21749499
